TN:
SF:index.js
FN:491,(anonymous_0)
FN:508,(anonymous_1)
FN:526,(anonymous_2)
FNF:3
FNH:3
FNDA:1,(anonymous_0)
FNDA:1,(anonymous_1)
FNDA:1,(anonymous_2)
DA:1,1
DA:2,1
DA:3,1
DA:4,1
DA:5,1
DA:6,1
DA:7,1
DA:8,1
DA:9,1
DA:11,1
DA:13,1
DA:479,1
DA:480,1
DA:481,1
DA:488,1
DA:489,1
DA:492,1
DA:493,0
DA:495,1
DA:502,1
DA:503,1
DA:506,1
DA:507,1
DA:508,1
DA:509,1
DA:510,1
DA:512,0
DA:513,0
DA:520,1
DA:521,1
DA:522,1
DA:526,1
DA:527,1
DA:530,1
LF:34
LH:31
BRDA:492,0,0,0
BRDA:492,0,1,1
BRF:2
BRH:1
end_of_record
TN:
SF:models\blogCommentModel.js
FNF:0
FNH:0
DA:2,1
DA:3,1
DA:30,1
DA:31,1
LF:4
LH:4
BRF:0
BRH:0
end_of_record
TN:
SF:models\blogLikeModel.js
FNF:0
FNH:0
DA:1,1
DA:3,1
DA:22,1
DA:23,1
LF:4
LH:4
BRF:0
BRH:0
end_of_record
TN:
SF:models\blogModel.js
FNF:0
FNH:0
DA:1,1
DA:2,1
DA:3,1
DA:4,1
DA:5,1
DA:31,1
DA:32,1
LF:7
LH:7
BRF:0
BRH:0
end_of_record
TN:
SF:models\queryModel.js
FNF:0
FNH:0
DA:1,1
DA:3,1
DA:24,1
DA:25,1
LF:4
LH:4
BRF:0
BRH:0
end_of_record
TN:
SF:models\userModel.js
FNF:0
FNH:0
DA:1,1
DA:3,1
DA:29,1
LF:3
LH:3
BRF:0
BRH:0
end_of_record
TN:
SF:routes\auth.js
FN:9,(anonymous_0)
FN:39,(anonymous_1)
FN:64,(anonymous_2)
FN:76,(anonymous_3)
FNF:4
FNH:4
FNDA:1,(anonymous_0)
FNDA:13,(anonymous_1)
FNDA:1,(anonymous_2)
FNDA:1,(anonymous_3)
DA:1,1
DA:2,1
DA:3,1
DA:4,1
DA:5,1
DA:6,1
DA:7,1
DA:9,1
DA:11,1
DA:12,1
DA:13,1
DA:14,1
DA:15,1
DA:16,1
DA:18,0
DA:19,0
DA:22,0
DA:23,0
DA:26,0
DA:31,0
DA:32,0
DA:33,0
DA:35,0
DA:39,1
DA:41,13
DA:42,13
DA:43,13
DA:44,13
DA:45,1
DA:47,12
DA:48,12
DA:49,0
DA:52,12
DA:53,12
DA:64,1
DA:65,1
DA:66,1
DA:67,1
DA:69,0
DA:70,0
DA:76,1
DA:77,1
DA:78,1
DA:79,1
DA:80,1
DA:81,1
DA:83,0
DA:85,0
DA:86,0
DA:89,1
LF:50
LH:35
BRDA:12,0,0,0
BRDA:12,0,1,1
BRDA:15,1,0,1
BRDA:15,1,1,0
BRDA:18,2,0,0
BRDA:18,2,1,0
BRDA:42,3,0,0
BRDA:42,3,1,13
BRDA:44,4,0,1
BRDA:44,4,1,12
BRDA:48,5,0,0
BRDA:48,5,1,12
BRDA:80,6,0,1
BRDA:80,6,1,0
BRF:14
BRH:7
end_of_record
TN:
SF:routes\blogs.js
FN:8,(anonymous_0)
FN:17,(anonymous_1)
FN:28,(anonymous_2)
FN:42,(anonymous_3)
FN:54,(anonymous_4)
FN:68,(anonymous_5)
FN:71,(anonymous_6)
FN:80,(anonymous_7)
FN:110,(anonymous_8)
FN:122,(anonymous_9)
FN:124,(anonymous_10)
FN:147,(anonymous_11)
FN:153,(anonymous_12)
FNF:13
FNH:9
FNDA:1,(anonymous_0)
FNDA:2,(anonymous_1)
FNDA:1,(anonymous_2)
FNDA:1,(anonymous_3)
FNDA:1,(anonymous_4)
FNDA:1,(anonymous_5)
FNDA:1,(anonymous_6)
FNDA:1,(anonymous_7)
FNDA:0,(anonymous_8)
FNDA:0,(anonymous_9)
FNDA:0,(anonymous_10)
FNDA:0,(anonymous_11)
FNDA:1,(anonymous_12)
DA:1,1
DA:2,1
DA:3,1
DA:4,1
DA:5,1
DA:6,1
DA:7,1
DA:8,1
DA:9,1
DA:10,1
DA:11,1
DA:13,0
DA:14,0
DA:17,1
DA:18,2
DA:20,2
DA:21,2
DA:23,0
DA:24,0
DA:28,1
DA:29,1
DA:30,1
DA:31,1
DA:32,1
DA:33,1
DA:36,0
DA:38,0
DA:42,1
DA:43,1
DA:44,1
DA:45,1
DA:46,1
DA:47,1
DA:49,0
DA:51,0
DA:54,1
DA:55,1
DA:56,1
DA:57,1
DA:58,1
DA:59,1
DA:61,0
DA:62,0
DA:64,0
DA:68,1
DA:69,1
DA:70,1
DA:71,1
DA:72,1
DA:73,0
DA:76,1
DA:77,1
DA:81,1
DA:82,1
DA:83,1
DA:88,1
DA:89,1
DA:94,1
DA:96,0
DA:99,0
DA:104,0
DA:107,0
DA:111,0
DA:117,0
DA:122,1
DA:123,0
DA:124,0
DA:125,0
DA:126,0
DA:128,0
DA:129,0
DA:135,0
DA:136,0
DA:141,0
DA:143,0
DA:148,0
DA:153,1
DA:154,1
DA:156,1
DA:157,1
DA:158,1
DA:159,1
DA:162,0
DA:168,0
DA:170,0
DA:177,1
LF:86
LH:54
BRDA:32,0,0,1
BRDA:32,0,1,0
BRDA:46,1,0,1
BRDA:46,1,1,0
BRDA:58,2,0,1
BRDA:58,2,1,0
BRDA:72,3,0,0
BRDA:72,3,1,1
BRDA:82,4,0,1
BRDA:82,4,1,0
BRDA:125,5,0,0
BRDA:125,5,1,0
BRDA:158,6,0,1
BRDA:158,6,1,0
BRF:14
BRH:6
end_of_record
TN:
SF:routes\isAdmin.js
FN:3,(anonymous_0)
FNF:1
FNH:1
FNDA:9,(anonymous_0)
DA:1,1
DA:3,1
DA:4,9
DA:5,0
DA:7,9
LF:5
LH:4
BRDA:4,0,0,0
BRDA:4,0,1,9
BRF:2
BRH:1
end_of_record
TN:
SF:routes\queries.js
FN:5,(anonymous_0)
FN:13,(anonymous_1)
FN:24,(anonymous_2)
FN:36,(anonymous_3)
FNF:4
FNH:4
FNDA:1,(anonymous_0)
FNDA:1,(anonymous_1)
FNDA:1,(anonymous_2)
FNDA:1,(anonymous_3)
DA:1,1
DA:2,1
DA:3,1
DA:4,1
DA:5,1
DA:6,1
DA:7,1
DA:8,1
DA:10,0
DA:13,1
DA:14,1
DA:15,1
DA:16,1
DA:17,1
DA:19,0
DA:24,1
DA:25,1
DA:26,1
DA:27,1
DA:28,1
DA:29,1
DA:31,0
DA:33,0
DA:36,1
DA:37,1
DA:38,1
DA:39,1
DA:41,0
DA:42,0
DA:48,1
LF:30
LH:24
BRDA:28,0,0,1
BRDA:28,0,1,0
BRF:2
BRH:1
end_of_record
TN:
SF:routes\validation.js
FN:4,(anonymous_0)
FN:17,(anonymous_1)
FNF:2
FNH:2
FNDA:1,(anonymous_0)
FNDA:13,(anonymous_1)
DA:1,1
DA:4,1
DA:5,1
DA:13,1
DA:17,1
DA:18,13
DA:25,13
DA:31,1
DA:32,1
LF:9
LH:9
BRF:0
BRH:0
end_of_record
TN:
SF:routes\verifyToken.js
FN:2,(anonymous_0)
FNF:1
FNH:1
FNDA:11,(anonymous_0)
DA:1,1
DA:2,1
DA:3,11
DA:4,11
DA:6,11
DA:7,11
DA:8,11
DA:9,11
DA:11,0
LF:9
LH:8
BRDA:4,0,0,0
BRDA:4,0,1,11
BRF:2
BRH:1
end_of_record
